<?xml version="1.0" encoding="UTF-8"?>
<!-- Generated by org.testng.reporters.JUnitXMLReporter -->
<testsuite hostname="LTSSENTHIV" ignored="0" name="SuiteTestingFormInValidDataTest :- Validate the Negative Scenarios for Testing Form" tests="9" failures="0" timestamp="12 Aug 2018 15:25:37 GMT" time="37.386" errors="0">
  <testcase name="SuiteTestingFormInValidDataTestPOM" time="1.919" classname="com.tractiondigital.SuiteTestingForm.SuiteTestingFormInValidDataTest"/>
  <testcase name="SuiteTestingFormInValidDataTestPOM" time="1.779" classname="com.tractiondigital.SuiteTestingForm.SuiteTestingFormInValidDataTest"/>
  <testcase name="SuiteTestingFormInValidDataTestPOM" time="0.001" classname="com.tractiondigital.SuiteTestingForm.SuiteTestingFormInValidDataTest">
    <skipped/>
  </testcase> <!-- SuiteTestingFormInValidDataTestPOM -->
  <testcase name="SuiteTestingFormInValidDataTestPOM" time="0.0" classname="com.tractiondigital.SuiteTestingForm.SuiteTestingFormInValidDataTest">
    <skipped/>
  </testcase> <!-- SuiteTestingFormInValidDataTestPOM -->
  <testcase name="SuiteTestingFormInValidDataTestPOM" time="0.0" classname="com.tractiondigital.SuiteTestingForm.SuiteTestingFormInValidDataTest">
    <skipped/>
  </testcase> <!-- SuiteTestingFormInValidDataTestPOM -->
  <testcase name="SuiteTestingFormInValidDataTestPOM" time="0.001" classname="com.tractiondigital.SuiteTestingForm.SuiteTestingFormInValidDataTest">
    <skipped/>
  </testcase> <!-- SuiteTestingFormInValidDataTestPOM -->
  <testcase name="SuiteTestingFormInValidDataTestPOM" time="0.0" classname="com.tractiondigital.SuiteTestingForm.SuiteTestingFormInValidDataTest">
    <skipped/>
  </testcase> <!-- SuiteTestingFormInValidDataTestPOM -->
  <testcase name="SuiteTestingFormInValidDataTestPOM" time="0.0" classname="com.tractiondigital.SuiteTestingForm.SuiteTestingFormInValidDataTest">
    <skipped/>
  </testcase> <!-- SuiteTestingFormInValidDataTestPOM -->
  <testcase name="SuiteTestingFormInValidDataTestPOM" time="0.001" classname="com.tractiondigital.SuiteTestingForm.SuiteTestingFormInValidDataTest">
    <skipped/>
  </testcase> <!-- SuiteTestingFormInValidDataTestPOM -->
</testsuite> <!-- SuiteTestingFormInValidDataTest :- Validate the Negative Scenarios for Testing Form -->
