<?xml version="1.0" encoding="UTF-8"?>
<!-- Generated by org.testng.reporters.JUnitXMLReporter -->
<testsuite hostname="LTSSENTHIV" ignored="0" name="SuiteTestingFormValidDataTest :- Validate the Positive Scenarios for Testing Form" tests="3" failures="0" timestamp="12 Aug 2018 15:25:37 GMT" time="0.007" errors="0">
  <testcase name="@BeforeTest checkCaseToRun" time="0.004" classname="com.tractiondigital.SuiteTestingForm.SuiteTestingFormValidDataTest">
    <skipped/>
  </testcase> <!-- @BeforeTest checkCaseToRun -->
  <testcase name="@AfterMethod reporterDataResults" time="0.0" classname="com.tractiondigital.SuiteTestingForm.SuiteTestingFormValidDataTest">
    <skipped/>
  </testcase> <!-- @AfterMethod reporterDataResults -->
  <testcase name="@AfterMethod reporterDataResults" time="0.0" classname="com.tractiondigital.SuiteTestingForm.SuiteTestingFormValidDataTest">
    <skipped/>
  </testcase> <!-- @AfterMethod reporterDataResults -->
  <testcase name="@AfterMethod reporterDataResults" time="0.0" classname="com.tractiondigital.SuiteTestingForm.SuiteTestingFormValidDataTest">
    <skipped/>
  </testcase> <!-- @AfterMethod reporterDataResults -->
  <testcase name="@AfterTest endTest" time="0.0" classname="com.tractiondigital.SuiteTestingForm.SuiteTestingFormValidDataTest">
    <skipped/>
  </testcase> <!-- @AfterTest endTest -->
  <testcase name="SuiteTestingFormValidDataTestPOM" time="0.0" classname="com.tractiondigital.SuiteTestingForm.SuiteTestingFormValidDataTest">
    <skipped/>
  </testcase> <!-- SuiteTestingFormValidDataTestPOM -->
  <testcase name="SuiteTestingFormValidDataTestPOM" time="0.0" classname="com.tractiondigital.SuiteTestingForm.SuiteTestingFormValidDataTest">
    <skipped/>
  </testcase> <!-- SuiteTestingFormValidDataTestPOM -->
  <testcase name="SuiteTestingFormValidDataTestPOM" time="0.0" classname="com.tractiondigital.SuiteTestingForm.SuiteTestingFormValidDataTest">
    <skipped/>
  </testcase> <!-- SuiteTestingFormValidDataTestPOM -->
</testsuite> <!-- SuiteTestingFormValidDataTest :- Validate the Positive Scenarios for Testing Form -->
