<?xml version="1.0" encoding="UTF-8"?>
<!-- Generated by org.testng.reporters.JUnitXMLReporter -->
<testsuite hostname="LTSSENTHIV" ignored="0" name="Default test" tests="9" failures="0" timestamp="12 Aug 2018 06:49:11 GMT" time="44.35" errors="0">
  <testcase name="SuiteTestingFormInValidDataTestPOM" time="2.217" classname="com.tractiondigital.SuiteTestingForm.SuiteTestingFormInValidDataTest"/>
  <testcase name="SuiteTestingFormInValidDataTestPOM" time="0.001" classname="com.tractiondigital.SuiteTestingForm.SuiteTestingFormInValidDataTest">
    <skipped/>
  </testcase> <!-- SuiteTestingFormInValidDataTestPOM -->
  <testcase name="SuiteTestingFormInValidDataTestPOM" time="0.0" classname="com.tractiondigital.SuiteTestingForm.SuiteTestingFormInValidDataTest">
    <skipped/>
  </testcase> <!-- SuiteTestingFormInValidDataTestPOM -->
  <testcase name="SuiteTestingFormInValidDataTestPOM" time="0.002" classname="com.tractiondigital.SuiteTestingForm.SuiteTestingFormInValidDataTest">
    <skipped/>
  </testcase> <!-- SuiteTestingFormInValidDataTestPOM -->
  <testcase name="SuiteTestingFormInValidDataTestPOM" time="0.001" classname="com.tractiondigital.SuiteTestingForm.SuiteTestingFormInValidDataTest">
    <skipped/>
  </testcase> <!-- SuiteTestingFormInValidDataTestPOM -->
  <testcase name="SuiteTestingFormInValidDataTestPOM" time="0.001" classname="com.tractiondigital.SuiteTestingForm.SuiteTestingFormInValidDataTest">
    <skipped/>
  </testcase> <!-- SuiteTestingFormInValidDataTestPOM -->
  <testcase name="SuiteTestingFormInValidDataTestPOM" time="0.002" classname="com.tractiondigital.SuiteTestingForm.SuiteTestingFormInValidDataTest">
    <skipped/>
  </testcase> <!-- SuiteTestingFormInValidDataTestPOM -->
  <testcase name="SuiteTestingFormInValidDataTestPOM" time="0.001" classname="com.tractiondigital.SuiteTestingForm.SuiteTestingFormInValidDataTest">
    <skipped/>
  </testcase> <!-- SuiteTestingFormInValidDataTestPOM -->
  <testcase name="SuiteTestingFormInValidDataTestPOM" time="0.002" classname="com.tractiondigital.SuiteTestingForm.SuiteTestingFormInValidDataTest">
    <skipped/>
  </testcase> <!-- SuiteTestingFormInValidDataTestPOM -->
</testsuite> <!-- Default test -->
