<?xml version="1.0" encoding="UTF-8"?>
<testsuite name="TestSuite" time="2.504" tests="17" errors="0" skipped="15" failures="0">
  <properties>
[...]
</properties>
  <testcase name="SuiteTestingFormInValidDataTestPOM" classname="com.tractiondigital.SuiteTestingForm.SuiteTestingFormInValidDataTest" time="2.504"/>
  <testcase name="SuiteTestingFormInValidDataTestPOM" classname="com.tractiondigital.SuiteTestingForm.SuiteTestingFormInValidDataTest" time="2.344"/>
  <testcase name="SuiteTestingFormInValidDataTestPOM" classname="com.tractiondigital.SuiteTestingForm.SuiteTestingFormInValidDataTest" time="0">
    <skipped/>
    <system-out><![CDATA[ INFO [main] (SuiteBase.java:1773) - SuiteTestingFormInValidDataTest :- Reporting test data set line '2' as PASS In excel.
 INFO [main] (SuiteBase.java:1776) - SuiteTestingFormInValidDataTest :- *************************************************
]]></system-out>
  </testcase>
  <testcase name="SuiteTestingFormInValidDataTestPOM" classname="com.tractiondigital.SuiteTestingForm.SuiteTestingFormInValidDataTest" time="0">
    <skipped/>
    <system-out><![CDATA[ INFO [main] (SuiteBase.java:1748) - SuiteTestingFormInValidDataTest :- Reporting test data set line '3' as SKIP In excel.
 INFO [main] (SuiteBase.java:1751) - SuiteTestingFormInValidDataTest :- *************************************************
]]></system-out>
  </testcase>
  <testcase name="SuiteTestingFormInValidDataTestPOM" classname="com.tractiondigital.SuiteTestingForm.SuiteTestingFormInValidDataTest" time="0">
    <skipped/>
    <system-out><![CDATA[ INFO [main] (SuiteBase.java:1748) - SuiteTestingFormInValidDataTest :- Reporting test data set line '4' as SKIP In excel.
 INFO [main] (SuiteBase.java:1751) - SuiteTestingFormInValidDataTest :- *************************************************
]]></system-out>
  </testcase>
  <testcase name="SuiteTestingFormInValidDataTestPOM" classname="com.tractiondigital.SuiteTestingForm.SuiteTestingFormInValidDataTest" time="0">
    <skipped/>
    <system-out><![CDATA[ INFO [main] (SuiteBase.java:1748) - SuiteTestingFormInValidDataTest :- Reporting test data set line '5' as SKIP In excel.
 INFO [main] (SuiteBase.java:1751) - SuiteTestingFormInValidDataTest :- *************************************************
]]></system-out>
  </testcase>
  <testcase name="SuiteTestingFormInValidDataTestPOM" classname="com.tractiondigital.SuiteTestingForm.SuiteTestingFormInValidDataTest" time="0">
    <skipped/>
    <system-out><![CDATA[ INFO [main] (SuiteBase.java:1748) - SuiteTestingFormInValidDataTest :- Reporting test data set line '6' as SKIP In excel.
 INFO [main] (SuiteBase.java:1751) - SuiteTestingFormInValidDataTest :- *************************************************
]]></system-out>
  </testcase>
  <testcase name="SuiteTestingFormInValidDataTestPOM" classname="com.tractiondigital.SuiteTestingForm.SuiteTestingFormInValidDataTest" time="0">
    <skipped/>
    <system-out><![CDATA[ INFO [main] (SuiteBase.java:1748) - SuiteTestingFormInValidDataTest :- Reporting test data set line '7' as SKIP In excel.
 INFO [main] (SuiteBase.java:1751) - SuiteTestingFormInValidDataTest :- *************************************************
]]></system-out>
  </testcase>
  <testcase name="SuiteTestingFormInValidDataTestPOM" classname="com.tractiondigital.SuiteTestingForm.SuiteTestingFormInValidDataTest" time="0">
    <skipped/>
    <system-out><![CDATA[ INFO [main] (SuiteBase.java:1748) - SuiteTestingFormInValidDataTest :- Reporting test data set line '8' as SKIP In excel.
 INFO [main] (SuiteBase.java:1751) - SuiteTestingFormInValidDataTest :- *************************************************
]]></system-out>
  </testcase>
  <testcase name="checkCaseToRun" classname="com.tractiondigital.SuiteTestingForm.SuiteTestingFormValidDataTest" time="0">
    <skipped/>
    <system-out><![CDATA[ INFO [main] (SuiteBase.java:1748) - SuiteTestingFormInValidDataTest :- Reporting test data set line '9' as SKIP In excel.
 INFO [main] (SuiteBase.java:1751) - SuiteTestingFormInValidDataTest :- *************************************************
 INFO [main] (SuiteBase.java:1795) - ******************************** End of Execution for :- SuiteTestingFormInValidDataTest *************************************
]]></system-out>
  </testcase>
  <testcase name="SuiteTestingFormValidDataTestPOM" classname="com.tractiondigital.SuiteTestingForm.SuiteTestingFormValidDataTest" time="0">
    <skipped/>
  </testcase>
  <testcase name="SuiteTestingFormValidDataTestPOM" classname="com.tractiondigital.SuiteTestingForm.SuiteTestingFormValidDataTest" time="0">
    <skipped/>
  </testcase>
  <testcase name="SuiteTestingFormValidDataTestPOM" classname="com.tractiondigital.SuiteTestingForm.SuiteTestingFormValidDataTest" time="0">
    <skipped/>
  </testcase>
  <testcase name="reporterDataResults" classname="com.tractiondigital.SuiteTestingForm.SuiteTestingFormValidDataTest" time="0">
    <skipped/>
  </testcase>
  <testcase name="reporterDataResults" classname="com.tractiondigital.SuiteTestingForm.SuiteTestingFormValidDataTest" time="0">
    <skipped/>
  </testcase>
  <testcase name="reporterDataResults" classname="com.tractiondigital.SuiteTestingForm.SuiteTestingFormValidDataTest" time="0">
    <skipped/>
  </testcase>
  <testcase name="endTest" classname="com.tractiondigital.SuiteTestingForm.SuiteTestingFormValidDataTest" time="0">
    <skipped/>
  </testcase>
</testsuite>