<html>
<head>
<title>TestNG:  SuiteTestingFormValidDataTest :- Validate the Positive Scenarios for Testing Form</title>
<link href="../testng.css" rel="stylesheet" type="text/css" />
<link href="../my-testng.css" rel="stylesheet" type="text/css" />

<style type="text/css">
.log { display: none;} 
.stack-trace { display: none;} 
</style>
<script type="text/javascript">
<!--
function flip(e) {
  current = e.style.display;
  if (current == 'block') {
    e.style.display = 'none';
    return 0;
  }
  else {
    e.style.display = 'block';
    return 1;
  }
}

function toggleBox(szDivId, elem, msg1, msg2)
{
  var res = -1;  if (document.getElementById) {
    res = flip(document.getElementById(szDivId));
  }
  else if (document.all) {
    // this is the way old msie versions work
    res = flip(document.all[szDivId]);
  }
  if(elem) {
    if(res == 0) elem.innerHTML = msg1; else elem.innerHTML = msg2;
  }

}

function toggleAllBoxes() {
  if (document.getElementsByTagName) {
    d = document.getElementsByTagName('div');
    for (i = 0; i < d.length; i++) {
      if (d[i].className == 'log') {
        flip(d[i]);
      }
    }
  }
}

// -->
</script>

</head>
<body>
<h2 align='center'>SuiteTestingFormValidDataTest :- Validate the Positive Scenarios for Testing Form</h2><table border='1' align="center">
<tr>
<td>Tests passed/Failed/Skipped:</td><td>2/1/0</td>
</tr><tr>
<td>Started on:</td><td>Mon Jun 04 12:05:52 IST 2018</td>
</tr>
<tr><td>Total time:</td><td>62 seconds (62381 ms)</td>
</tr><tr>
<td>Included groups:</td><td></td>
</tr><tr>
<td>Excluded groups:</td><td></td>
</tr>
</table><p/>
<small><i>(Hover the method name to see the test class name)</i></small><p/>
<table width='100%' border='1' class='invocation-failed'>
<tr><td colspan='4' align='center'><b>FAILED TESTS</b></td></tr>
<tr><td><b>Test method</b></td>
<td width="30%"><b>Exception</b></td>
<td width="10%"><b>Time (seconds)</b></td>
<td><b>Instance</b></td>
</tr>
<tr>
<td title='com.tractiondigital.SuiteTestingForm.SuiteTestingFormValidDataTest.SuiteTestingFormValidDataTestPOM()'><b>SuiteTestingFormValidDataTestPOM</b><br>Test class: com.tractiondigital.SuiteTestingForm.SuiteTestingFormValidDataTest<br>Test method: This Class is used to Verify SuiteTestingForm InValid Data<br>Parameters: LonggggggggggggggggggGGGGGGGGGGGGGGGGGGGGGGggFirstName, LonggggggggggggggggggGGGGGGGGGGGGGGGGGGGGGGggLastName, LonggggggggggggggggggGGGGGGGGGGGGGGGGGGGGGGggLastName@longggggggggggggGGGGGGGgggggggggGGGdomain.com, 919887776098, !@#$%^^&**())_+!@#$ ,./<>?;':"|\}][{-=`~LongGGGGGGGGGGGGGGGGGGGGGGGGssssssssssssssssssssssssssssssssssssssssssssssssssssssssfffffffffffffffffffffffffffffffffjjjjjjjjjjjjjjjjjjjjjjjjjjjjjjjjjjjjjjjjjjjjjjjjjjjjjjjjjjjjjjjjjjjjjjjjjjjjjjjggggggggAdress , !@#$%^^&**())_+!@#$ ,./<>?;':"|\}][{-=`~LongGGGGGGGGGGGGGGGGGGGGGGGGssssssssssssssssssssssssssssssssssssssssssssssssssssssssfffffffffffffffffffffffffffffffffjjjjjjjjjjjjjjjjjjjjjjjjjjjjjjjjjjjjjjjjjjjjjjjjjjjjjjjjjjjjjjjjjjjjjjjjjjjjjjjggggggggSuburb, VIC, 7887, 26/02/1977, Y, Y</td>
<td><div><pre>java.lang.AssertionError: The following asserts failed:
	
SuiteTestingFormValidDataTest:- Testing Form confirmation Message actual: &apos;&apos; is not matched with expected &apos;Thank you for entering the competition.&apos;,
	
SuiteTestingFormInValidData  --&gt; &apos;FAIL&apos;
	at com.tractiondigital.SuiteTestingForm.SuiteTestingFormValidDataTest.SuiteTestingFormValidDataTestPOM(SuiteTestingFormValidDataTest.java:110)
... Removed 27 stack frames</pre></div><a href='#' onClick='toggleBox("stack-trace1711185459", this, "Click to show all stack frames", "Click to hide stack frames")'>Click to show all stack frames</a>
<div class='stack-trace' id='stack-trace1711185459'><pre>java.lang.AssertionError: The following asserts failed:
	
SuiteTestingFormValidDataTest:- Testing Form confirmation Message actual: &apos;&apos; is not matched with expected &apos;Thank you for entering the competition.&apos;,
	
SuiteTestingFormInValidData  --&gt; &apos;FAIL&apos;
	at org.testng.asserts.SoftAssert.assertAll(SoftAssert.java:43)
	at com.tractiondigital.SuiteTestingForm.SuiteTestingFormValidDataTest.SuiteTestingFormValidDataTestPOM(SuiteTestingFormValidDataTest.java:110)
	at sun.reflect.NativeMethodAccessorImpl.invoke0(Native Method)
	at sun.reflect.NativeMethodAccessorImpl.invoke(Unknown Source)
	at sun.reflect.DelegatingMethodAccessorImpl.invoke(Unknown Source)
	at java.lang.reflect.Method.invoke(Unknown Source)
	at org.testng.internal.MethodInvocationHelper.invokeMethod(MethodInvocationHelper.java:124)
	at org.testng.internal.Invoker.invokeMethod(Invoker.java:580)
	at org.testng.internal.Invoker.invokeTestMethod(Invoker.java:716)
	at org.testng.internal.Invoker.invokeTestMethods(Invoker.java:988)
	at org.testng.internal.TestMethodWorker.invokeTestMethods(TestMethodWorker.java:125)
	at org.testng.internal.TestMethodWorker.run(TestMethodWorker.java:109)
	at org.testng.TestRunner.privateRun(TestRunner.java:648)
	at org.testng.TestRunner.run(TestRunner.java:505)
	at org.testng.SuiteRunner.runTest(SuiteRunner.java:455)
	at org.testng.SuiteRunner.runSequentially(SuiteRunner.java:450)
	at org.testng.SuiteRunner.privateRun(SuiteRunner.java:415)
	at org.testng.SuiteRunner.run(SuiteRunner.java:364)
	at org.testng.SuiteRunnerWorker.runSuite(SuiteRunnerWorker.java:52)
	at org.testng.SuiteRunnerWorker.run(SuiteRunnerWorker.java:84)
	at org.testng.TestNG.runSuitesSequentially(TestNG.java:1208)
	at org.testng.TestNG.runSuitesSequentially(TestNG.java:1204)
	at org.testng.TestNG.runSuitesLocally(TestNG.java:1137)
	at org.testng.TestNG.runSuites(TestNG.java:1049)
	at org.testng.TestNG.run(TestNG.java:1017)
	at org.testng.remote.AbstractRemoteTestNG.run(AbstractRemoteTestNG.java:114)
	at org.testng.remote.RemoteTestNG.initAndRun(RemoteTestNG.java:251)
	at org.testng.remote.RemoteTestNG.main(RemoteTestNG.java:77)
</pre></div></td>
<td>8</td>
<td>com.tractiondigital.SuiteTestingForm.SuiteTestingFormValidDataTest@3159c4b8</td></tr>
</table><p>
<table width='100%' border='1' class='invocation-passed'>
<tr><td colspan='4' align='center'><b>PASSED TESTS</b></td></tr>
<tr><td><b>Test method</b></td>
<td width="30%"><b>Exception</b></td>
<td width="10%"><b>Time (seconds)</b></td>
<td><b>Instance</b></td>
</tr>
<tr>
<td title='com.tractiondigital.SuiteTestingForm.SuiteTestingFormValidDataTest.SuiteTestingFormValidDataTestPOM()'><b>SuiteTestingFormValidDataTestPOM</b><br>Test class: com.tractiondigital.SuiteTestingForm.SuiteTestingFormValidDataTest<br>Test method: This Class is used to Verify SuiteTestingForm InValid Data<br>Parameters: Shunmugasundaram, Senthivelu, ssenthiv@gmail.com, 9890064244, A703 SkyLark, Bangalore, ACT, 5667, 26/02/1977, Y, Y</td>
<td></td>
<td>6</td>
<td>com.tractiondigital.SuiteTestingForm.SuiteTestingFormValidDataTest@3159c4b8</td></tr>
<tr>
<td title='com.tractiondigital.SuiteTestingForm.SuiteTestingFormValidDataTest.SuiteTestingFormValidDataTestPOM()'><b>SuiteTestingFormValidDataTestPOM</b><br>Test class: com.tractiondigital.SuiteTestingForm.SuiteTestingFormValidDataTest<br>Test method: This Class is used to Verify SuiteTestingForm InValid Data<br>Parameters: SURESH KUMAR, MANLANI, firstName.Lastname@yahoo.com, 918778787878, A703 SkyLark, Chennai, SA, 6217, 10/07/1985, Y, Y</td>
<td></td>
<td>6</td>
<td>com.tractiondigital.SuiteTestingForm.SuiteTestingFormValidDataTest@3159c4b8</td></tr>
</table><p>
</body>
</html>