<?xml version="1.0" encoding="UTF-8"?>
<!-- Generated by org.testng.reporters.JUnitXMLReporter -->
<testsuite hostname="LTSSENTHIV" ignored="0" name="SuiteTestingFormInValidDataTest :- Validate the Negative Scenarios for Testing Form." tests="9" failures="0" timestamp="02 Jun 2018 18:32:44 GMT" time="41.89" errors="0">
  <testcase name="SuiteTestingFormInValidDataTest" time="2.145" classname="com.tractiondigital.SuiteTestingForm.SuiteTestingFormInValidData"/>
  <testcase name="SuiteTestingFormInValidDataTest" time="0.001" classname="com.tractiondigital.SuiteTestingForm.SuiteTestingFormInValidData">
    <skipped/>
  </testcase> <!-- SuiteTestingFormInValidDataTest -->
  <testcase name="SuiteTestingFormInValidDataTest" time="0.001" classname="com.tractiondigital.SuiteTestingForm.SuiteTestingFormInValidData">
    <skipped/>
  </testcase> <!-- SuiteTestingFormInValidDataTest -->
  <testcase name="SuiteTestingFormInValidDataTest" time="0.001" classname="com.tractiondigital.SuiteTestingForm.SuiteTestingFormInValidData">
    <skipped/>
  </testcase> <!-- SuiteTestingFormInValidDataTest -->
  <testcase name="SuiteTestingFormInValidDataTest" time="0.001" classname="com.tractiondigital.SuiteTestingForm.SuiteTestingFormInValidData">
    <skipped/>
  </testcase> <!-- SuiteTestingFormInValidDataTest -->
  <testcase name="SuiteTestingFormInValidDataTest" time="0.001" classname="com.tractiondigital.SuiteTestingForm.SuiteTestingFormInValidData">
    <skipped/>
  </testcase> <!-- SuiteTestingFormInValidDataTest -->
  <testcase name="SuiteTestingFormInValidDataTest" time="0.001" classname="com.tractiondigital.SuiteTestingForm.SuiteTestingFormInValidData">
    <skipped/>
  </testcase> <!-- SuiteTestingFormInValidDataTest -->
  <testcase name="SuiteTestingFormInValidDataTest" time="0.0" classname="com.tractiondigital.SuiteTestingForm.SuiteTestingFormInValidData">
    <skipped/>
  </testcase> <!-- SuiteTestingFormInValidDataTest -->
  <testcase name="SuiteTestingFormInValidDataTest" time="0.001" classname="com.tractiondigital.SuiteTestingForm.SuiteTestingFormInValidData">
    <skipped/>
  </testcase> <!-- SuiteTestingFormInValidDataTest -->
</testsuite> <!-- SuiteTestingFormInValidDataTest :- Validate the Negative Scenarios for Testing Form. -->
