<?xml version="1.0" encoding="UTF-8"?>
<!-- Generated by org.testng.reporters.JUnitXMLReporter -->
<testsuite hostname="LTSSENTHIV" ignored="0" name="SuiteTestingFormTestPOM :- Validate the Negative Scenarios for Testing Form" tests="9" failures="0" timestamp="03 Jun 2018 13:01:03 GMT" time="36.082" errors="0">
  <testcase name="SuiteTestingFormInValidDataTestPOM" time="1.917" classname="com.tractiondigital.SuiteTestingForm.SuiteTestingFormInValidDataTest"/>
  <testcase name="SuiteTestingFormInValidDataTestPOM" time="0.001" classname="com.tractiondigital.SuiteTestingForm.SuiteTestingFormInValidDataTest">
    <skipped/>
  </testcase> <!-- SuiteTestingFormInValidDataTestPOM -->
  <testcase name="SuiteTestingFormInValidDataTestPOM" time="0.001" classname="com.tractiondigital.SuiteTestingForm.SuiteTestingFormInValidDataTest">
    <skipped/>
  </testcase> <!-- SuiteTestingFormInValidDataTestPOM -->
  <testcase name="SuiteTestingFormInValidDataTestPOM" time="0.001" classname="com.tractiondigital.SuiteTestingForm.SuiteTestingFormInValidDataTest">
    <skipped/>
  </testcase> <!-- SuiteTestingFormInValidDataTestPOM -->
  <testcase name="SuiteTestingFormInValidDataTestPOM" time="0.001" classname="com.tractiondigital.SuiteTestingForm.SuiteTestingFormInValidDataTest">
    <skipped/>
  </testcase> <!-- SuiteTestingFormInValidDataTestPOM -->
  <testcase name="SuiteTestingFormInValidDataTestPOM" time="0.001" classname="com.tractiondigital.SuiteTestingForm.SuiteTestingFormInValidDataTest">
    <skipped/>
  </testcase> <!-- SuiteTestingFormInValidDataTestPOM -->
  <testcase name="SuiteTestingFormInValidDataTestPOM" time="0.0" classname="com.tractiondigital.SuiteTestingForm.SuiteTestingFormInValidDataTest">
    <skipped/>
  </testcase> <!-- SuiteTestingFormInValidDataTestPOM -->
  <testcase name="SuiteTestingFormInValidDataTestPOM" time="0.001" classname="com.tractiondigital.SuiteTestingForm.SuiteTestingFormInValidDataTest">
    <skipped/>
  </testcase> <!-- SuiteTestingFormInValidDataTestPOM -->
  <testcase name="SuiteTestingFormInValidDataTestPOM" time="0.0" classname="com.tractiondigital.SuiteTestingForm.SuiteTestingFormInValidDataTest">
    <skipped/>
  </testcase> <!-- SuiteTestingFormInValidDataTestPOM -->
</testsuite> <!-- SuiteTestingFormTestPOM :- Validate the Negative Scenarios for Testing Form -->
