<?xml version="1.0" encoding="UTF-8"?>
<!-- Generated by org.testng.reporters.JUnitXMLReporter -->
<testsuite hostname="LTSSENTHIV" ignored="0" name="SuiteTestingFormInValidDataTest :- Validate the Negative Scenarios for Testing Form.shun" tests="9" failures="0" timestamp="03 Jun 2018 13:00:27 GMT" time="0.027" errors="0">
  <testcase name="@BeforeTest checkCaseToRun" time="0.005" classname="com.tractiondigital.SuiteTestingForm.SuiteTestingFormInValidData">
    <skipped/>
  </testcase> <!-- @BeforeTest checkCaseToRun -->
  <testcase name="@AfterMethod reporterDataResults" time="0.0" classname="com.tractiondigital.SuiteTestingForm.SuiteTestingFormInValidData">
    <skipped/>
  </testcase> <!-- @AfterMethod reporterDataResults -->
  <testcase name="@AfterMethod reporterDataResults" time="0.0" classname="com.tractiondigital.SuiteTestingForm.SuiteTestingFormInValidData">
    <skipped/>
  </testcase> <!-- @AfterMethod reporterDataResults -->
  <testcase name="@AfterMethod reporterDataResults" time="0.0" classname="com.tractiondigital.SuiteTestingForm.SuiteTestingFormInValidData">
    <skipped/>
  </testcase> <!-- @AfterMethod reporterDataResults -->
  <testcase name="@AfterMethod reporterDataResults" time="0.0" classname="com.tractiondigital.SuiteTestingForm.SuiteTestingFormInValidData">
    <skipped/>
  </testcase> <!-- @AfterMethod reporterDataResults -->
  <testcase name="@AfterMethod reporterDataResults" time="0.0" classname="com.tractiondigital.SuiteTestingForm.SuiteTestingFormInValidData">
    <skipped/>
  </testcase> <!-- @AfterMethod reporterDataResults -->
  <testcase name="@AfterMethod reporterDataResults" time="0.0" classname="com.tractiondigital.SuiteTestingForm.SuiteTestingFormInValidData">
    <skipped/>
  </testcase> <!-- @AfterMethod reporterDataResults -->
  <testcase name="@AfterMethod reporterDataResults" time="0.0" classname="com.tractiondigital.SuiteTestingForm.SuiteTestingFormInValidData">
    <skipped/>
  </testcase> <!-- @AfterMethod reporterDataResults -->
  <testcase name="@AfterMethod reporterDataResults" time="0.0" classname="com.tractiondigital.SuiteTestingForm.SuiteTestingFormInValidData">
    <skipped/>
  </testcase> <!-- @AfterMethod reporterDataResults -->
  <testcase name="@AfterMethod reporterDataResults" time="0.0" classname="com.tractiondigital.SuiteTestingForm.SuiteTestingFormInValidData">
    <skipped/>
  </testcase> <!-- @AfterMethod reporterDataResults -->
  <testcase name="@AfterTest endTest" time="0.0" classname="com.tractiondigital.SuiteTestingForm.SuiteTestingFormInValidData">
    <skipped/>
  </testcase> <!-- @AfterTest endTest -->
  <testcase name="SuiteTestingFormInValidDataTest" time="0.0" classname="com.tractiondigital.SuiteTestingForm.SuiteTestingFormInValidData">
    <skipped/>
  </testcase> <!-- SuiteTestingFormInValidDataTest -->
  <testcase name="SuiteTestingFormInValidDataTest" time="0.0" classname="com.tractiondigital.SuiteTestingForm.SuiteTestingFormInValidData">
    <skipped/>
  </testcase> <!-- SuiteTestingFormInValidDataTest -->
  <testcase name="SuiteTestingFormInValidDataTest" time="0.0" classname="com.tractiondigital.SuiteTestingForm.SuiteTestingFormInValidData">
    <skipped/>
  </testcase> <!-- SuiteTestingFormInValidDataTest -->
  <testcase name="SuiteTestingFormInValidDataTest" time="0.0" classname="com.tractiondigital.SuiteTestingForm.SuiteTestingFormInValidData">
    <skipped/>
  </testcase> <!-- SuiteTestingFormInValidDataTest -->
  <testcase name="SuiteTestingFormInValidDataTest" time="0.0" classname="com.tractiondigital.SuiteTestingForm.SuiteTestingFormInValidData">
    <skipped/>
  </testcase> <!-- SuiteTestingFormInValidDataTest -->
  <testcase name="SuiteTestingFormInValidDataTest" time="0.0" classname="com.tractiondigital.SuiteTestingForm.SuiteTestingFormInValidData">
    <skipped/>
  </testcase> <!-- SuiteTestingFormInValidDataTest -->
  <testcase name="SuiteTestingFormInValidDataTest" time="0.0" classname="com.tractiondigital.SuiteTestingForm.SuiteTestingFormInValidData">
    <skipped/>
  </testcase> <!-- SuiteTestingFormInValidDataTest -->
  <testcase name="SuiteTestingFormInValidDataTest" time="0.0" classname="com.tractiondigital.SuiteTestingForm.SuiteTestingFormInValidData">
    <skipped/>
  </testcase> <!-- SuiteTestingFormInValidDataTest -->
  <testcase name="SuiteTestingFormInValidDataTest" time="0.0" classname="com.tractiondigital.SuiteTestingForm.SuiteTestingFormInValidData">
    <skipped/>
  </testcase> <!-- SuiteTestingFormInValidDataTest -->
</testsuite> <!-- SuiteTestingFormInValidDataTest :- Validate the Negative Scenarios for Testing Form.shun -->
