<?xml version="1.0" encoding="UTF-8"?>
<!-- Generated by org.testng.reporters.JUnitXMLReporter -->
<testsuite hostname="LTSSENTHIV" ignored="0" name="SuiteTestingFormInValidDataTest :- Validate the Negative Scenarios for Testing Form" tests="9" failures="0" timestamp="04 Jun 2018 06:35:52 GMT" time="0.053" errors="0">
  <testcase name="@BeforeTest checkCaseToRun" time="0.011" classname="com.tractiondigital.SuiteTestingForm.SuiteTestingFormInValidDataTest">
    <skipped/>
  </testcase> <!-- @BeforeTest checkCaseToRun -->
  <testcase name="@AfterMethod reporterDataResults" time="0.0" classname="com.tractiondigital.SuiteTestingForm.SuiteTestingFormInValidDataTest">
    <skipped/>
  </testcase> <!-- @AfterMethod reporterDataResults -->
  <testcase name="@AfterMethod reporterDataResults" time="0.0" classname="com.tractiondigital.SuiteTestingForm.SuiteTestingFormInValidDataTest">
    <skipped/>
  </testcase> <!-- @AfterMethod reporterDataResults -->
  <testcase name="@AfterMethod reporterDataResults" time="0.0" classname="com.tractiondigital.SuiteTestingForm.SuiteTestingFormInValidDataTest">
    <skipped/>
  </testcase> <!-- @AfterMethod reporterDataResults -->
  <testcase name="@AfterMethod reporterDataResults" time="0.0" classname="com.tractiondigital.SuiteTestingForm.SuiteTestingFormInValidDataTest">
    <skipped/>
  </testcase> <!-- @AfterMethod reporterDataResults -->
  <testcase name="@AfterMethod reporterDataResults" time="0.0" classname="com.tractiondigital.SuiteTestingForm.SuiteTestingFormInValidDataTest">
    <skipped/>
  </testcase> <!-- @AfterMethod reporterDataResults -->
  <testcase name="@AfterMethod reporterDataResults" time="0.0" classname="com.tractiondigital.SuiteTestingForm.SuiteTestingFormInValidDataTest">
    <skipped/>
  </testcase> <!-- @AfterMethod reporterDataResults -->
  <testcase name="@AfterMethod reporterDataResults" time="0.0" classname="com.tractiondigital.SuiteTestingForm.SuiteTestingFormInValidDataTest">
    <skipped/>
  </testcase> <!-- @AfterMethod reporterDataResults -->
  <testcase name="@AfterMethod reporterDataResults" time="0.0" classname="com.tractiondigital.SuiteTestingForm.SuiteTestingFormInValidDataTest">
    <skipped/>
  </testcase> <!-- @AfterMethod reporterDataResults -->
  <testcase name="@AfterMethod reporterDataResults" time="0.0" classname="com.tractiondigital.SuiteTestingForm.SuiteTestingFormInValidDataTest">
    <skipped/>
  </testcase> <!-- @AfterMethod reporterDataResults -->
  <testcase name="@AfterTest endTest" time="0.0" classname="com.tractiondigital.SuiteTestingForm.SuiteTestingFormInValidDataTest">
    <skipped/>
  </testcase> <!-- @AfterTest endTest -->
  <testcase name="SuiteTestingFormInValidDataTestPOM" time="0.0" classname="com.tractiondigital.SuiteTestingForm.SuiteTestingFormInValidDataTest">
    <skipped/>
  </testcase> <!-- SuiteTestingFormInValidDataTestPOM -->
  <testcase name="SuiteTestingFormInValidDataTestPOM" time="0.0" classname="com.tractiondigital.SuiteTestingForm.SuiteTestingFormInValidDataTest">
    <skipped/>
  </testcase> <!-- SuiteTestingFormInValidDataTestPOM -->
  <testcase name="SuiteTestingFormInValidDataTestPOM" time="0.0" classname="com.tractiondigital.SuiteTestingForm.SuiteTestingFormInValidDataTest">
    <skipped/>
  </testcase> <!-- SuiteTestingFormInValidDataTestPOM -->
  <testcase name="SuiteTestingFormInValidDataTestPOM" time="0.0" classname="com.tractiondigital.SuiteTestingForm.SuiteTestingFormInValidDataTest">
    <skipped/>
  </testcase> <!-- SuiteTestingFormInValidDataTestPOM -->
  <testcase name="SuiteTestingFormInValidDataTestPOM" time="0.0" classname="com.tractiondigital.SuiteTestingForm.SuiteTestingFormInValidDataTest">
    <skipped/>
  </testcase> <!-- SuiteTestingFormInValidDataTestPOM -->
  <testcase name="SuiteTestingFormInValidDataTestPOM" time="0.0" classname="com.tractiondigital.SuiteTestingForm.SuiteTestingFormInValidDataTest">
    <skipped/>
  </testcase> <!-- SuiteTestingFormInValidDataTestPOM -->
  <testcase name="SuiteTestingFormInValidDataTestPOM" time="0.0" classname="com.tractiondigital.SuiteTestingForm.SuiteTestingFormInValidDataTest">
    <skipped/>
  </testcase> <!-- SuiteTestingFormInValidDataTestPOM -->
  <testcase name="SuiteTestingFormInValidDataTestPOM" time="0.0" classname="com.tractiondigital.SuiteTestingForm.SuiteTestingFormInValidDataTest">
    <skipped/>
  </testcase> <!-- SuiteTestingFormInValidDataTestPOM -->
  <testcase name="SuiteTestingFormInValidDataTestPOM" time="0.0" classname="com.tractiondigital.SuiteTestingForm.SuiteTestingFormInValidDataTest">
    <skipped/>
  </testcase> <!-- SuiteTestingFormInValidDataTestPOM -->
</testsuite> <!-- SuiteTestingFormInValidDataTest :- Validate the Negative Scenarios for Testing Form -->
