<?xml version="1.0" encoding="UTF-8"?>
<!-- Generated by org.testng.reporters.JUnitXMLReporter -->
<testsuite hostname="LTSSENTHIV" ignored="0" name="SuiteTestingFormValidDataTest :- Validate the Positive Scenarios for Testing Form." tests="3" failures="0" timestamp="03 Jun 2018 13:00:27 GMT" time="0.041" errors="0">
  <testcase name="@BeforeTest checkCaseToRun" time="0.008" classname="com.tractiondigital.SuiteTestingForm.SuiteTestingFormValidData">
    <skipped/>
  </testcase> <!-- @BeforeTest checkCaseToRun -->
  <testcase name="@AfterMethod reporterDataResults" time="0.0" classname="com.tractiondigital.SuiteTestingForm.SuiteTestingFormValidData">
    <skipped/>
  </testcase> <!-- @AfterMethod reporterDataResults -->
  <testcase name="@AfterMethod reporterDataResults" time="0.0" classname="com.tractiondigital.SuiteTestingForm.SuiteTestingFormValidData">
    <skipped/>
  </testcase> <!-- @AfterMethod reporterDataResults -->
  <testcase name="@AfterMethod reporterDataResults" time="0.0" classname="com.tractiondigital.SuiteTestingForm.SuiteTestingFormValidData">
    <skipped/>
  </testcase> <!-- @AfterMethod reporterDataResults -->
  <testcase name="@AfterTest endTest" time="0.0" classname="com.tractiondigital.SuiteTestingForm.SuiteTestingFormValidData">
    <skipped/>
  </testcase> <!-- @AfterTest endTest -->
  <testcase name="SuiteTestingFormValidDataTest" time="0.0" classname="com.tractiondigital.SuiteTestingForm.SuiteTestingFormValidData">
    <skipped/>
  </testcase> <!-- SuiteTestingFormValidDataTest -->
  <testcase name="SuiteTestingFormValidDataTest" time="0.0" classname="com.tractiondigital.SuiteTestingForm.SuiteTestingFormValidData">
    <skipped/>
  </testcase> <!-- SuiteTestingFormValidDataTest -->
  <testcase name="SuiteTestingFormValidDataTest" time="0.0" classname="com.tractiondigital.SuiteTestingForm.SuiteTestingFormValidData">
    <skipped/>
  </testcase> <!-- SuiteTestingFormValidDataTest -->
</testsuite> <!-- SuiteTestingFormValidDataTest :- Validate the Positive Scenarios for Testing Form. -->
