<?xml version="1.0" encoding="UTF-8"?>
<!-- Generated by org.testng.reporters.JUnitXMLReporter -->
<testsuite hostname="LTSSENTHIV" ignored="0" name="SuiteTestingFormValidDataTest :- Validate the Positive Scenarios for Testing Form" tests="3" failures="1" timestamp="04 Jun 2018 06:36:55 GMT" time="62.381" errors="0">
  <testcase name="SuiteTestingFormValidDataTestPOM" time="6.967" classname="com.tractiondigital.SuiteTestingForm.SuiteTestingFormValidDataTest"/>
  <testcase name="SuiteTestingFormValidDataTestPOM" time="6.711" classname="com.tractiondigital.SuiteTestingForm.SuiteTestingFormValidDataTest"/>
  <testcase name="SuiteTestingFormValidDataTestPOM" time="8.416" classname="com.tractiondigital.SuiteTestingForm.SuiteTestingFormValidDataTest">
    <failure type="java.lang.AssertionError" message="The following asserts failed:
	
SuiteTestingFormValidDataTest:- Testing Form confirmation Message actual: &amp;apos;&amp;apos; is not matched with expected &amp;apos;Thank you for entering the competition.&amp;apos;,
	
SuiteTestingFormInValidData  --&amp;gt; &amp;apos;FAIL&amp;apos;">
      <![CDATA[java.lang.AssertionError: The following asserts failed:

SuiteTestingFormValidDataTest:- Testing Form confirmation Message actual: '' is not matched with expected 'Thank you for entering the competition.',

SuiteTestingFormInValidData  --> 'FAIL'
at com.tractiondigital.SuiteTestingForm.SuiteTestingFormValidDataTest.SuiteTestingFormValidDataTestPOM(SuiteTestingFormValidDataTest.java:110)
... Removed 27 stack frames]]>
    </failure>
  </testcase> <!-- SuiteTestingFormValidDataTestPOM -->
</testsuite> <!-- SuiteTestingFormValidDataTest :- Validate the Positive Scenarios for Testing Form -->
